# JRE version: OpenJDK Runtime Environment 18.9 (11.0.12+7) (build 11.0.12+7)
# Java VM: OpenJDK 64-Bit Server VM 18.9 (11.0.12+7, mixed mode, sharing, tiered, compressed oops, g1 gc, linux-amd64)
Heap:
 garbage-first heap   total 131072K, used 29979K [0x00000000c0000000, 0x0000000100000000)
  region size 1024K, 4 young (4096K), 2 survivors (2048K)
 Metaspace       used 3766K, capacity 7573K, committed 7808K, reserved 1056768K
  class space    used 472K, capacity 845K, committed 896K, reserved 1048576K
GC Heap History (6 events):
Event: 1.412 GC heap before
{Heap before GC invocations=0 (full 0):
 garbage-first heap   total 131072K, used 26264K [0x00000000c0000000, 0x0000000100000000)
  region size 1024K, 14 young (14336K), 0 survivors (0K)
 Metaspace       used 463K, capacity 4480K, committed 4480K, reserved 1056768K
  class space    used 20K, capacity 384K, committed 384K, reserved 1048576K
}
Event: 1.491 GC heap after
{Heap after GC invocations=1 (full 0):
 garbage-first heap   total 131072K, used 22022K [0x00000000c0000000, 0x0000000100000000)
  region size 1024K, 2 young (2048K), 2 survivors (2048K)
 Metaspace       used 463K, capacity 4480K, committed 4480K, reserved 1056768K
  class space    used 20K, capacity 384K, committed 384K, reserved 1048576K
}
Event: 1.730 GC heap before
{Heap before GC invocations=1 (full 0):
 garbage-first heap   total 131072K, used 27142K [0x00000000c0000000, 0x0000000100000000)
  region size 1024K, 6 young (6144K), 2 survivors (2048K)
 Metaspace       used 511K, capacity 4480K, committed 4480K, reserved 1056768K
  class space    used 20K, capacity 384K, committed 384K, reserved 1048576K
}
Event: 1.769 GC heap after
{Heap after GC invocations=2 (full 0):
 garbage-first heap   total 131072K, used 27531K [0x00000000c0000000, 0x0000000100000000)
  region size 1024K, 1 young (1024K), 1 survivors (1024K)
 Metaspace       used 511K, capacity 4480K, committed 4480K, reserved 1056768K
  class space    used 20K, capacity 384K, committed 384K, reserved 1048576K
}
Event: 3.117 GC heap before
{Heap before GC invocations=2 (full 0):
 garbage-first heap   total 131072K, used 39819K [0x00000000c0000000, 0x0000000100000000)
  region size 1024K, 14 young (14336K), 1 survivors (1024K)
 Metaspace       used 3412K, capacity 7189K, committed 7424K, reserved 1056768K
  class space    used 294K, capacity 653K, committed 768K, reserved 1048576K
}
Event: 3.127 GC heap after
{Heap after GC invocations=3 (full 0):
 garbage-first heap   total 131072K, used 28955K [0x00000000c0000000, 0x0000000100000000)
  region size 1024K, 2 young (2048K), 2 survivors (2048K)
 Metaspace       used 3412K, capacity 7189K, committed 7424K, reserved 1056768K
  class space    used 294K, capacity 653K, committed 768K, reserved 1048576K
}

